Internal Server Error: /home
Traceback (most recent call last):
  File "/home/django/almog1/venv/lib/python3.8/site-packages/django/core/handlers/exception.py", line 55, in inner
    response = get_response(request)
  File "/home/django/almog1/venv/lib/python3.8/site-packages/django/core/handlers/base.py", line 197, in _get_response
    response = wrapped_callback(request, *callback_args, **callback_kwargs)
  File "/home/django/almog1/almogOil/views.py", line 257, in HomeView
    return render(request, 'home.html')
  File "/home/django/almog1/venv/lib/python3.8/site-packages/django/shortcuts.py", line 24, in render
    content = loader.render_to_string(template_name, context, request, using=using)
  File "/home/django/almog1/venv/lib/python3.8/site-packages/django/template/loader.py", line 61, in render_to_string
    template = get_template(template_name, using=using)
  File "/home/django/almog1/venv/lib/python3.8/site-packages/django/template/loader.py", line 19, in get_template
    raise TemplateDoesNotExist(template_name, chain=chain)
django.template.exceptions.TemplateDoesNotExist: home.html
Not Found: /iXi2
Not Found: /uuB1
Not Found: /aab8
Not Found: /jquery-3.3.1.slim.min.js
Not Found: /aab9
Not Found: /jquery-3.3.2.slim.min.js
